mise 2024.11.0 is already installed but outdated (so it will be upgraded).
==> Downloading https://ghcr.io/v2/homebrew/core/mise/manifests/2024.11.1
==> Fetching mise
==> Downloading https://ghcr.io/v2/homebrew/core/mise/blobs/sha256:ad0243af550907dfdca68fdb7918083038d31d04ff2030c22cb731a743596ba1
==> Upgrading mise
  2024.11.0 -> 2024.11.1 
==> Pouring mise--2024.11.1.x86_64_linux.bottle.tar.gz
==> Caveats
If you are using fish shell, mise will be activated for you automatically.

Bash completion has been installed to:
  /home/linuxbrew/.linuxbrew/etc/bash_completion.d
==> Summary
🍺  /home/linuxbrew/.linuxbrew/Cellar/mise/2024.11.1: 15 files, 28.8MB
==> Running `brew cleanup mise`...
Disable this behaviour by setting HOMEBREW_NO_INSTALL_CLEANUP.
Hide these hints with HOMEBREW_NO_ENV_HINTS (see `man brew`).
Removing: /home/linuxbrew/.linuxbrew/Cellar/mise/2024.11.0... (15 files, 29.0MB)
Removing: /home/henrick/.cache/Homebrew/mise_bottle_manifest--2024.11.0... (11.3KB)
Removing: /home/henrick/.cache/Homebrew/mise--2024.11.0... (9.7MB)
==> Downloading https://ghcr.io/v2/homebrew/core/lazydocker/manifests/0.23.3
==> Fetching lazydocker
==> Downloading https://ghcr.io/v2/homebrew/core/lazydocker/blobs/sha256:d7670ea3478aef62147ec682af8df6ea24ee4fcd7b4e1dd26aad6bfe437f06bb
==> Pouring lazydocker--0.23.3.x86_64_linux.bottle.tar.gz
🍺  /home/linuxbrew/.linuxbrew/Cellar/lazydocker/0.23.3: 6 files, 16.4MB
==> Running `brew cleanup lazydocker`...
Disable this behaviour by setting HOMEBREW_NO_INSTALL_CLEANUP.
Hide these hints with HOMEBREW_NO_ENV_HINTS (see `man brew`).
Python 3.12.7
Requirement already satisfied: pynvim in /home/henrick/.local/share/mise/installs/python/3.12.7/lib/python3.12/site-packages (0.5.1)
Requirement already satisfied: msgpack>=0.5.0 in /home/henrick/.local/share/mise/installs/python/3.12.7/lib/python3.12/site-packages (from pynvim) (1.1.0)
Requirement already satisfied: greenlet>=3.0 in /home/henrick/.local/share/mise/installs/python/3.12.7/lib/python3.12/site-packages (from pynvim) (3.1.1)
Python 3.12.7
Requirement already satisfied: pynvim in /home/henrick/.local/share/mise/installs/python/3.12.7/lib/python3.12/site-packages (0.5.1)
Requirement already satisfied: msgpack>=0.5.0 in /home/henrick/.local/share/mise/installs/python/3.12.7/lib/python3.12/site-packages (from pynvim) (1.1.0)
Requirement already satisfied: greenlet>=3.0 in /home/henrick/.local/share/mise/installs/python/3.12.7/lib/python3.12/site-packages (from pynvim) (3.1.1)
Requirement already satisfied: pynvim in /home/henrick/.local/share/mise/installs/python/3.12.7/lib/python3.12/site-packages (0.5.1)
Requirement already satisfied: msgpack>=0.5.0 in /home/henrick/.local/share/mise/installs/python/3.12.7/lib/python3.12/site-packages (from pynvim) (1.1.0)
Requirement already satisfied: greenlet>=3.0 in /home/henrick/.local/share/mise/installs/python/3.12.7/lib/python3.12/site-packages (from pynvim) (3.1.1)
==> Downloading https://ghcr.io/v2/homebrew/core/fd/manifests/10.2.0
==> Fetching fd
==> Downloading https://ghcr.io/v2/homebrew/core/fd/blobs/sha256:2464fb21cc981166ffa9783fa14a09265790af4d89ce3a763421ddaf29119541
==> Downloading https://ghcr.io/v2/homebrew/core/ripgrep/manifests/14.1.1
==> Fetching dependencies for ripgrep: pcre2
==> Downloading https://ghcr.io/v2/homebrew/core/pcre2/manifests/10.44
==> Fetching pcre2
==> Downloading https://ghcr.io/v2/homebrew/core/pcre2/blobs/sha256:cbddfbb9921fa2894640db7f0395ea8a79ce5209ebe5ae6700762d0452a6910f
==> Fetching ripgrep
==> Downloading https://ghcr.io/v2/homebrew/core/ripgrep/blobs/sha256:97d7cbd33b4d0ed09551e3dbc07f830d3df018c2aefbb2222a12ccfb829aae30
==> Pouring fd--10.2.0.x86_64_linux.bottle.tar.gz
==> Caveats
zsh completions have been installed to:
  /home/linuxbrew/.linuxbrew/share/zsh/site-functions
==> Summary
🍺  /home/linuxbrew/.linuxbrew/Cellar/fd/10.2.0: 14 files, 4MB
==> Running `brew cleanup fd`...
Disable this behaviour by setting HOMEBREW_NO_INSTALL_CLEANUP.
Hide these hints with HOMEBREW_NO_ENV_HINTS (see `man brew`).
==> Installing dependencies for ripgrep: pcre2
==> Installing ripgrep dependency: pcre2
==> Downloading https://ghcr.io/v2/homebrew/core/pcre2/manifests/10.44
Already downloaded: /home/henrick/.cache/Homebrew/downloads/22ed791461c5bf400adde8c3b432c1230866aa1db3c5cb81e06a6ff21cac96ee--pcre2-10.44.bottle_manifest.json
==> Pouring pcre2--10.44.x86_64_linux.bottle.tar.gz
🍺  /home/linuxbrew/.linuxbrew/Cellar/pcre2/10.44: 241 files, 7.3MB
==> Installing ripgrep
==> Pouring ripgrep--14.1.1.x86_64_linux.bottle.tar.gz
==> Caveats
zsh completions have been installed to:
  /home/linuxbrew/.linuxbrew/share/zsh/site-functions
==> Summary
🍺  /home/linuxbrew/.linuxbrew/Cellar/ripgrep/14.1.1: 14 files, 25MB
==> Running `brew cleanup ripgrep`...
==> Caveats
==> fd
zsh completions have been installed to:
  /home/linuxbrew/.linuxbrew/share/zsh/site-functions
==> ripgrep
zsh completions have been installed to:
  /home/linuxbrew/.linuxbrew/share/zsh/site-functions
Submodule path 'dotbot/lib/pyyaml': checked out 'c42fa3bff1eabdb64763bb1526d9ea1ccb708479'
An error was encountered while executing action link
Action link not handled
Action ~/.zshrc not handled
Action ~/.tmux.conf not handled
All targets have been cleaned

==> Some tasks were not executed successfully
Nonexistent source ~/.zshrc -> dotfiles/.zsrhc
Creating link ~/.tmux.conf -> /home/henrick/dotfiles2/dotfiles/.tmux.conf
Some links were not successfully set up
All targets have been cleaned

==> Some tasks were not executed successfully
~/.zshrc already exists but is a regular file or directory
Link exists ~/.tmux.conf -> /home/henrick/dotfiles2/dotfiles/.tmux.conf
Some links were not successfully set up
All targets have been cleaned

==> Some tasks were not executed successfully
Creating link ~/.zshrc -> /home/henrick/dotfiles2/dotfiles/.zshrc
Link exists ~/.tmux.conf -> /home/henrick/dotfiles2/dotfiles/.tmux.conf
All links have been set up
All targets have been cleaned

==> All tasks executed successfully
Link exists ~/.zshrc -> /home/henrick/dotfiles2/dotfiles/.zshrc
Link exists ~/.tmux.conf -> /home/henrick/dotfiles2/dotfiles/.tmux.conf
All links have been set up
All targets have been cleaned

==> All tasks executed successfully

added 40 packages in 3s

5 packages are looking for funding
  run `npm fund` for details
Already installed "tpm"
Installing "tmux-sensible"
  "tmux-sensible" download success
Installing "vim-tmux-navigator"
  "vim-tmux-navigator" download success
Installing "tmux"
  "tmux" download success
Link exists ~/.zshrc -> /home/henrick/dotfiles2/dotfiles/.zshrc
Link exists ~/.tmux.conf -> /home/henrick/dotfiles2/dotfiles/.tmux.conf
All links have been set up
All targets have been cleaned

==> All tasks executed successfully
Link exists ~/.zshrc -> /home/henrick/dotfiles2/dotfiles/.zshrc
Link exists ~/.tmux.conf -> /home/henrick/dotfiles2/dotfiles/.tmux.conf
All links have been set up
All targets have been cleaned

==> All tasks executed successfully
Link exists ~/.zshrc -> /home/henrick/dotfiles2/dotfiles/.zshrc
Link exists ~/.tmux.conf -> /home/henrick/dotfiles2/dotfiles/.tmux.conf
All links have been set up
All targets have been cleaned

==> All tasks executed successfully
Link exists ~/.zshrc -> /home/henrick/dotfiles2/dotfiles/.zshrc
Link exists ~/.tmux.conf -> /home/henrick/dotfiles2/dotfiles/.tmux.conf
All links have been set up
All targets have been cleaned

==> All tasks executed successfully
Link exists ~/.zshrc -> /home/henrick/dotfiles2/dotfiles/.zshrc
Link exists ~/.tmux.conf -> /home/henrick/dotfiles2/dotfiles/.tmux.conf
All links have been set up
All targets have been cleaned

==> All tasks executed successfully
Link exists ~/.zshrc -> /home/henrick/dotfiles2/dotfiles/.zshrc
Link exists ~/.tmux.conf -> /home/henrick/dotfiles2/dotfiles/.tmux.conf
All links have been set up
All targets have been cleaned

==> All tasks executed successfully
/home/henrick/.gitconfig
Link exists ~/.zshrc -> /home/henrick/dotfiles2/dotfiles/.zshrc
Link exists ~/.tmux.conf -> /home/henrick/dotfiles2/dotfiles/.tmux.conf
All links have been set up
All targets have been cleaned

==> All tasks executed successfully
